<?xml version="1.0" encoding="UTF-8"?>
<!-- Generated by org.testng.reporters.JUnitReportReporter -->
<testsuite skipped="0" hostname="LAB_04_19" name="JavaProgram.Url" tests="1" failures="0" timestamp="2021-09-01T12:31:05 IST" time="8.153" errors="0">
  <testcase name="f" time="8.153" classname="JavaProgram.Url"/>
</testsuite> <!-- JavaProgram.Url -->
