<?xml version="1.0" encoding="UTF-8"?>
<!-- Generated by org.testng.reporters.JUnitReportReporter -->
<testsuite skipped="0" hostname="LAB_04_19" name="JavaProgram.Demo01" tests="1" failures="0" timestamp="2021-08-31T18:02:11 IST" time="7.675" errors="0">
  <testcase name="t_Test_Login" time="7.675" classname="JavaProgram.Demo01"/>
</testsuite> <!-- JavaProgram.Demo01 -->
