<?xml version="1.0" encoding="UTF-8"?>
<!-- Generated by org.testng.reporters.JUnitReportReporter -->
<testsuite skipped="0" hostname="LAB_04_19" name="JavaProgram.DataProviderNew" tests="3" failures="0" timestamp="2021-09-02T16:05:35 IST" time="26.075" errors="0">
  <testcase name="OrangeHRM_Login" time="6.267" classname="JavaProgram.DataProviderNew"/>
  <testcase name="OrangeHRM_Login" time="6.649" classname="JavaProgram.DataProviderNew"/>
  <testcase name="OrangeHRM_Login" time="13.159" classname="JavaProgram.DataProviderNew"/>
</testsuite> <!-- JavaProgram.DataProviderNew -->
