<?xml version="1.0" encoding="UTF-8"?>
<!-- Generated by org.testng.reporters.JUnitReportReporter -->
<testsuite skipped="0" hostname="LAB_04_19" name="JavaProgram.Annotation" tests="3" failures="0" timestamp="2021-09-02T12:17:18 IST" time="0.014" errors="0">
  <testcase name="testMethod2" time="0.004" classname="JavaProgram.Annotation"/>
  <testcase name="testMethod1" time="0.008" classname="JavaProgram.Annotation"/>
  <testcase name="testMethod3" time="0.002" classname="JavaProgram.Annotation"/>
</testsuite> <!-- JavaProgram.Annotation -->
