<?xml version="1.0" encoding="UTF-8"?>
<!-- Generated by org.testng.reporters.JUnitReportReporter -->
<testsuite skipped="0" hostname="LAB_04_19" name="JavaProgram.WaitCondition" tests="1" failures="0" timestamp="2021-09-03T10:58:06 IST" time="7.064" errors="0">
  <testcase name="f" time="7.064" classname="JavaProgram.WaitCondition"/>
  <system-out/>
</testsuite> <!-- JavaProgram.WaitCondition -->
