<?xml version="1.0" encoding="UTF-8"?>
<!-- Generated by org.testng.reporters.JUnitReportReporter -->
<testsuite skipped="0" hostname="LAB_04_19" name="JavaProgram.Click" tests="1" failures="0" timestamp="2021-09-01T15:26:56 IST" time="6.965" errors="0">
  <testcase name="f" time="6.965" classname="JavaProgram.Click"/>
</testsuite> <!-- JavaProgram.Click -->
