<?xml version="1.0" encoding="UTF-8"?>
<!-- Generated by org.testng.reporters.JUnitReportReporter -->
<testsuite skipped="0" hostname="LAB_04_19" name="JavaProgram.ApachePoi" tests="1" failures="0" timestamp="2021-09-03T15:08:22 IST" time="0.544" errors="0">
  <testcase name="f" time="0.544" classname="JavaProgram.ApachePoi"/>
  <system-out/>
</testsuite> <!-- JavaProgram.ApachePoi -->
