<?xml version="1.0" encoding="UTF-8"?>
<!-- Generated by org.testng.reporters.JUnitReportReporter -->
<testsuite skipped="0" hostname="LAB_04_19" name="JavaProgram.ScreenShot" tests="1" failures="0" timestamp="2021-09-03T12:05:13 IST" time="7.847" errors="0">
  <testcase name="f" time="7.847" classname="JavaProgram.ScreenShot"/>
  <system-out/>
</testsuite> <!-- JavaProgram.ScreenShot -->
