<?xml version="1.0" encoding="UTF-8"?>
<!-- Generated by org.testng.reporters.JUnitReportReporter -->
<testsuite skipped="0" hostname="LAB_04_19" name="JavaProgram.DataProvider_loginscenario" tests="5" failures="0" timestamp="2021-09-02T15:52:16 IST" time="11.949" errors="0">
  <testcase name="LoginAllCases" time="1.019" classname="JavaProgram.DataProvider_loginscenario"/>
  <testcase name="LoginAllCases" time="0.557" classname="JavaProgram.DataProvider_loginscenario"/>
  <testcase name="LoginAllCases" time="1.380" classname="JavaProgram.DataProvider_loginscenario"/>
  <testcase name="LoginAllCases" time="0.335" classname="JavaProgram.DataProvider_loginscenario"/>
  <testcase name="LoginAllCases" time="8.658" classname="JavaProgram.DataProvider_loginscenario"/>
</testsuite> <!-- JavaProgram.DataProvider_loginscenario -->
