<?xml version="1.0" encoding="UTF-8"?>
<!-- Generated by org.testng.reporters.JUnitReportReporter -->
<testsuite skipped="0" hostname="LAB_04_19" name="JavaProgram.Alert" tests="1" failures="0" timestamp="2021-09-01T17:40:25 IST" time="20.711" errors="0">
  <testcase name="f" time="20.711" classname="JavaProgram.Alert"/>
</testsuite> <!-- JavaProgram.Alert -->
