<?xml version="1.0" encoding="UTF-8"?>
<!-- Generated by org.testng.reporters.JUnitReportReporter -->
<testsuite skipped="0" hostname="LAB_04_19" name="JavaProgram.draganddrop" tests="1" failures="0" timestamp="2021-09-01T15:24:13 IST" time="7.313" errors="0">
  <testcase name="f" time="7.313" classname="JavaProgram.draganddrop"/>
</testsuite> <!-- JavaProgram.draganddrop -->
