<?xml version="1.0" encoding="UTF-8"?>
<!-- Generated by org.testng.reporters.JUnitReportReporter -->
<testsuite skipped="0" hostname="LAB_04_19" name="JavaProgram.Table" tests="1" failures="0" timestamp="2021-09-02T11:02:43 IST" time="18.445" errors="0">
  <testcase name="f" time="18.445" classname="JavaProgram.Table"/>
</testsuite> <!-- JavaProgram.Table -->
