<?xml version="1.0" encoding="UTF-8"?>
<!-- Generated by org.testng.reporters.JUnitReportReporter -->
<testsuite skipped="0" hostname="LAB_04_19" name="JavaProgram.DropDown" tests="1" failures="0" timestamp="2021-09-01T14:27:26 IST" time="7.062" errors="0">
  <testcase name="f" time="7.062" classname="JavaProgram.DropDown"/>
</testsuite> <!-- JavaProgram.DropDown -->
