<?xml version="1.0" encoding="UTF-8"?>
<!-- Generated by org.testng.reporters.JUnitReportReporter -->
<testsuite skipped="0" hostname="LAB_04_19" name="JavaProgram.Clickonfirstlink" tests="1" failures="0" timestamp="2021-09-06T09:35:15 IST" time="8.919" errors="0">
  <testcase name="f" time="8.919" classname="JavaProgram.Clickonfirstlink"/>
  <system-out/>
</testsuite> <!-- JavaProgram.Clickonfirstlink -->
